<?xml version="1.0" encoding="UTF-8"?>
<!-- Generated by org.testng.reporters.JUnitXMLReporter -->
<testsuite ignored="0" hostname="DESKTOP-5U485HB" failures="0" tests="5" name="Default test" time="51.709" errors="0" timestamp="2022-06-01T21:45:20 IST">
  <testcase classname="Tests.DataProviderTest" name="TestData" time="7.568"/>
  <testcase classname="Tests.DataProviderTest" name="TestData" time="7.167"/>
  <testcase classname="Tests.DataProviderTest" name="TestData" time="3.613"/>
  <testcase classname="Tests.DataProviderTest" name="TestData" time="4.092"/>
  <testcase classname="Tests.DataProviderTest" name="TestData" time="3.387"/>
</testsuite> <!-- Default test -->
