<?xml version="1.0" encoding="UTF-8"?>
<!-- Generated by org.testng.reporters.JUnitXMLReporter -->
<testsuite ignored="5" hostname="DESKTOP-5U485HB" failures="0" tests="7" name="Chrome Test" time="46.31" errors="0" timestamp="2022-07-15T17:12:21 IST">
  <testcase classname="Tests.SearchResultsPageTest" name="verifySearchButtonFunctionality" time="4.865"/>
  <testcase classname="Tests.HomePageTest" name="verifyPageTitle" time="0.011"/>
  <testcase classname="Tests.DataProviderTest" name="TestData" time="5.08"/>
  <testcase classname="Tests.DataProviderTest" name="TestData" time="6.315"/>
  <testcase classname="Tests.DataProviderTest" name="TestData" time="3.683"/>
  <testcase classname="Tests.DataProviderTest" name="TestData" time="3.268"/>
  <testcase classname="Tests.DataProviderTest" name="TestData" time="3.176"/>
  <testcase classname="Tests.SearchResultsPageTest" name="getTotalRows" time="0.0">
    <ignored/>
  </testcase> <!-- getTotalRows -->
  <testcase classname="Tests.BaseTest" name="@AfterTest tearDown" time="0.0">
    <ignored/>
  </testcase> <!-- @AfterTest tearDown -->
  <testcase classname="Tests.BaseTest" name="@AfterTest tearDown" time="0.0">
    <ignored/>
  </testcase> <!-- @AfterTest tearDown -->
  <testcase classname="Tests.BaseTest" name="@BeforeTest setup" time="0.0">
    <ignored/>
  </testcase> <!-- @BeforeTest setup -->
  <testcase classname="Tests.BaseTest" name="@BeforeTest setup" time="0.0">
    <ignored/>
  </testcase> <!-- @BeforeTest setup -->
</testsuite> <!-- Chrome Test -->
