<?xml version="1.0" encoding="UTF-8"?>
<testng-results ignored="5" total="12" passed="7" failed="0" skipped="0">
  <reporter-output>
  </reporter-output>
  <suite started-at="2022-07-15T17:11:35 IST" name="TestSuite" finished-at="2022-07-15T17:12:21 IST" duration-ms="46310">
    <groups>
    </groups>
    <test started-at="2022-07-15T17:11:35 IST" name="Chrome Test" finished-at="2022-07-15T17:12:21 IST" duration-ms="46310">
      <class name="Tests.SearchResultsPageTest">
        <test-method is-config="true" signature="setup(java.lang.String)[pri:0, instance:Tests.SearchResultsPageTest@71c3b41]" started-at="2022-07-15T17:11:36 IST" name="setup" finished-at="2022-07-15T17:11:51 IST" duration-ms="15274" status="PASS">
          <params>
            <param index="0">
              <value>
                <![CDATA[chrome]]>
              </value>
            </param>
          </params>
          <reporter-output>
          </reporter-output>
        </test-method> <!-- setup -->
        <test-method signature="verifySearchButtonFunctionality()[pri:0, instance:Tests.SearchResultsPageTest@71c3b41]" started-at="2022-07-15T17:11:51 IST" name="verifySearchButtonFunctionality" finished-at="2022-07-15T17:11:56 IST" duration-ms="4865" status="PASS">
          <reporter-output>
          </reporter-output>
        </test-method> <!-- verifySearchButtonFunctionality -->
        <test-method is-config="true" signature="tearDown()[pri:0, instance:Tests.SearchResultsPageTest@71c3b41]" started-at="2022-07-15T17:12:20 IST" name="tearDown" finished-at="2022-07-15T17:12:21 IST" duration-ms="1288" status="PASS">
          <reporter-output>
          </reporter-output>
        </test-method> <!-- tearDown -->
      </class> <!-- Tests.SearchResultsPageTest -->
      <class name="Tests.HomePageTest">
        <test-method signature="verifyPageTitle()[pri:0, instance:Tests.HomePageTest@236e3f4e]" started-at="2022-07-15T17:11:56 IST" name="verifyPageTitle" finished-at="2022-07-15T17:11:56 IST" duration-ms="11" status="PASS">
          <reporter-output>
          </reporter-output>
        </test-method> <!-- verifyPageTitle -->
      </class> <!-- Tests.HomePageTest -->
      <class name="Tests.DataProviderTest">
        <test-method signature="TestData(java.lang.String)[pri:0, instance:Tests.DataProviderTest@3cc1435c]" started-at="2022-07-15T17:11:58 IST" name="TestData" data-provider="data" finished-at="2022-07-15T17:12:03 IST" duration-ms="5080" status="PASS">
          <params>
            <param index="0">
              <value>
                <![CDATA[Allstate India]]>
              </value>
            </param>
          </params>
          <reporter-output>
          </reporter-output>
        </test-method> <!-- TestData -->
        <test-method signature="TestData(java.lang.String)[pri:0, instance:Tests.DataProviderTest@3cc1435c]" started-at="2022-07-15T17:12:03 IST" name="TestData" data-provider="data" finished-at="2022-07-15T17:12:10 IST" duration-ms="6315" status="PASS">
          <params>
            <param index="0">
              <value>
                <![CDATA[Flipkart]]>
              </value>
            </param>
          </params>
          <reporter-output>
          </reporter-output>
        </test-method> <!-- TestData -->
        <test-method signature="TestData(java.lang.String)[pri:0, instance:Tests.DataProviderTest@3cc1435c]" started-at="2022-07-15T17:12:10 IST" name="TestData" data-provider="data" finished-at="2022-07-15T17:12:13 IST" duration-ms="3683" status="PASS">
          <params>
            <param index="0">
              <value>
                <![CDATA[Facebook]]>
              </value>
            </param>
          </params>
          <reporter-output>
          </reporter-output>
        </test-method> <!-- TestData -->
        <test-method signature="TestData(java.lang.String)[pri:0, instance:Tests.DataProviderTest@3cc1435c]" started-at="2022-07-15T17:12:13 IST" name="TestData" data-provider="data" finished-at="2022-07-15T17:12:17 IST" duration-ms="3268" status="PASS">
          <params>
            <param index="0">
              <value>
                <![CDATA[Twitter]]>
              </value>
            </param>
          </params>
          <reporter-output>
          </reporter-output>
        </test-method> <!-- TestData -->
        <test-method signature="TestData(java.lang.String)[pri:0, instance:Tests.DataProviderTest@3cc1435c]" started-at="2022-07-15T17:12:17 IST" name="TestData" data-provider="data" finished-at="2022-07-15T17:12:20 IST" duration-ms="3176" status="PASS">
          <params>
            <param index="0">
              <value>
                <![CDATA[LinkedIn]]>
              </value>
            </param>
          </params>
          <reporter-output>
          </reporter-output>
        </test-method> <!-- TestData -->
      </class> <!-- Tests.DataProviderTest -->
    </test> <!-- Chrome Test -->
  </suite> <!-- TestSuite -->
</testng-results>
