<?xml version="1.0" encoding="UTF-8"?>
<testsuite xmlns:xsi="http://www.w3.org/2001/XMLSchema-instance" xsi:schemaLocation="https://maven.apache.org/surefire/maven-surefire-plugin/xsd/surefire-test-report.xsd" name="TestSuite" time="49.425" tests="7" errors="0" skipped="0" failures="0">
  <properties>
[...]
</properties>
  <testcase name="verifySearchButtonFunctionality" classname="Tests.SearchResultsPageTest" time="4.87"/>
  <testcase name="verifyPageTitle" classname="Tests.HomePageTest" time="0.011"/>
  <testcase name="TestData" classname="Tests.DataProviderTest" time="5.08"/>
  <testcase name="TestData" classname="Tests.DataProviderTest" time="6.316"/>
  <testcase name="TestData" classname="Tests.DataProviderTest" time="3.684"/>
  <testcase name="TestData" classname="Tests.DataProviderTest" time="3.265"/>
  <testcase name="TestData" classname="Tests.DataProviderTest" time="3.176"/>
</testsuite>