<?xml version="1.0" encoding="UTF-8"?>
<testng-results ignored="5" total="12" passed="7" failed="0" skipped="0">
  <reporter-output>
  </reporter-output>
  <suite started-at="2022-07-15T13:51:33 IST" name="TestSuite" finished-at="2022-07-15T13:52:48 IST" duration-ms="75714">
    <groups>
    </groups>
    <test started-at="2022-07-15T13:51:33 IST" name="Chrome Test" finished-at="2022-07-15T13:52:48 IST" duration-ms="75714">
      <class name="Tests.SearchResultsPageTest">
        <test-method is-config="true" signature="setup(java.lang.String)[pri:0, instance:Tests.SearchResultsPageTest@316bcf94]" started-at="2022-07-15T13:51:34 IST" name="setup" finished-at="2022-07-15T13:52:10 IST" duration-ms="36531" status="PASS">
          <params>
            <param index="0">
              <value>
                <![CDATA[chrome]]>
              </value>
            </param>
          </params>
          <reporter-output>
          </reporter-output>
        </test-method> <!-- setup -->
        <test-method signature="verifySearchButtonFunctionality()[pri:0, instance:Tests.SearchResultsPageTest@316bcf94]" started-at="2022-07-15T13:52:10 IST" name="verifySearchButtonFunctionality" finished-at="2022-07-15T13:52:20 IST" duration-ms="9397" status="PASS">
          <reporter-output>
          </reporter-output>
        </test-method> <!-- verifySearchButtonFunctionality -->
        <test-method is-config="true" signature="tearDown()[pri:0, instance:Tests.SearchResultsPageTest@316bcf94]" started-at="2022-07-15T13:52:46 IST" name="tearDown" finished-at="2022-07-15T13:52:48 IST" duration-ms="1984" status="PASS">
          <reporter-output>
          </reporter-output>
        </test-method> <!-- tearDown -->
      </class> <!-- Tests.SearchResultsPageTest -->
      <class name="Tests.HomePageTest">
        <test-method signature="verifyPageTitle()[pri:0, instance:Tests.HomePageTest@6404f418]" started-at="2022-07-15T13:52:20 IST" name="verifyPageTitle" finished-at="2022-07-15T13:52:20 IST" duration-ms="14" status="PASS">
          <reporter-output>
          </reporter-output>
        </test-method> <!-- verifyPageTitle -->
      </class> <!-- Tests.HomePageTest -->
      <class name="Tests.DataProviderTest">
        <test-method signature="TestData(java.lang.String)[pri:0, instance:Tests.DataProviderTest@3e11f9e9]" started-at="2022-07-15T13:52:26 IST" name="TestData" data-provider="data" finished-at="2022-07-15T13:52:32 IST" duration-ms="6161" status="PASS">
          <params>
            <param index="0">
              <value>
                <![CDATA[Allstate India]]>
              </value>
            </param>
          </params>
          <reporter-output>
          </reporter-output>
        </test-method> <!-- TestData -->
        <test-method signature="TestData(java.lang.String)[pri:0, instance:Tests.DataProviderTest@3e11f9e9]" started-at="2022-07-15T13:52:32 IST" name="TestData" data-provider="data" finished-at="2022-07-15T13:52:36 IST" duration-ms="4099" status="PASS">
          <params>
            <param index="0">
              <value>
                <![CDATA[Flipkart]]>
              </value>
            </param>
          </params>
          <reporter-output>
          </reporter-output>
        </test-method> <!-- TestData -->
        <test-method signature="TestData(java.lang.String)[pri:0, instance:Tests.DataProviderTest@3e11f9e9]" started-at="2022-07-15T13:52:36 IST" name="TestData" data-provider="data" finished-at="2022-07-15T13:52:39 IST" duration-ms="3123" status="PASS">
          <params>
            <param index="0">
              <value>
                <![CDATA[Facebook]]>
              </value>
            </param>
          </params>
          <reporter-output>
          </reporter-output>
        </test-method> <!-- TestData -->
        <test-method signature="TestData(java.lang.String)[pri:0, instance:Tests.DataProviderTest@3e11f9e9]" started-at="2022-07-15T13:52:39 IST" name="TestData" data-provider="data" finished-at="2022-07-15T13:52:43 IST" duration-ms="4188" status="PASS">
          <params>
            <param index="0">
              <value>
                <![CDATA[Twitter]]>
              </value>
            </param>
          </params>
          <reporter-output>
          </reporter-output>
        </test-method> <!-- TestData -->
        <test-method signature="TestData(java.lang.String)[pri:0, instance:Tests.DataProviderTest@3e11f9e9]" started-at="2022-07-15T13:52:43 IST" name="TestData" data-provider="data" finished-at="2022-07-15T13:52:46 IST" duration-ms="3072" status="PASS">
          <params>
            <param index="0">
              <value>
                <![CDATA[LinkedIn]]>
              </value>
            </param>
          </params>
          <reporter-output>
          </reporter-output>
        </test-method> <!-- TestData -->
      </class> <!-- Tests.DataProviderTest -->
    </test> <!-- Chrome Test -->
  </suite> <!-- TestSuite -->
</testng-results>
