<?xml version="1.0" encoding="UTF-8"?>
<testng-results ignored="5" total="12" passed="7" failed="0" skipped="0">
  <reporter-output>
  </reporter-output>
  <suite started-at="2022-06-01T22:23:26 IST" name="TestSuite" finished-at="2022-06-01T22:24:48 IST" duration-ms="81990">
    <groups>
    </groups>
    <test started-at="2022-06-01T22:23:26 IST" name="Chrome Test" finished-at="2022-06-01T22:24:48 IST" duration-ms="81990">
      <class name="Tests.SearchResultsPageTest">
        <test-method is-config="true" signature="setup(java.lang.String)[pri:0, instance:Tests.SearchResultsPageTest@316bcf94]" started-at="2022-06-01T22:23:27 IST" name="setup" finished-at="2022-06-01T22:24:02 IST" duration-ms="34773" status="PASS">
          <params>
            <param index="0">
              <value>
                <![CDATA[chrome]]>
              </value>
            </param>
          </params>
          <reporter-output>
          </reporter-output>
        </test-method> <!-- setup -->
        <test-method signature="verifySearchButtonFunctionality()[pri:0, instance:Tests.SearchResultsPageTest@316bcf94]" started-at="2022-06-01T22:24:02 IST" name="verifySearchButtonFunctionality" finished-at="2022-06-01T22:24:12 IST" duration-ms="9643" status="PASS">
          <reporter-output>
          </reporter-output>
        </test-method> <!-- verifySearchButtonFunctionality -->
        <test-method is-config="true" signature="tearDown()[pri:0, instance:Tests.SearchResultsPageTest@316bcf94]" started-at="2022-06-01T22:24:45 IST" name="tearDown" finished-at="2022-06-01T22:24:48 IST" duration-ms="2955" status="PASS">
          <reporter-output>
          </reporter-output>
        </test-method> <!-- tearDown -->
      </class> <!-- Tests.SearchResultsPageTest -->
      <class name="Tests.HomePageTest">
        <test-method signature="verifyPageTitle()[pri:0, instance:Tests.HomePageTest@6404f418]" started-at="2022-06-01T22:24:12 IST" name="verifyPageTitle" finished-at="2022-06-01T22:24:12 IST" duration-ms="23" status="PASS">
          <reporter-output>
          </reporter-output>
        </test-method> <!-- verifyPageTitle -->
      </class> <!-- Tests.HomePageTest -->
      <class name="Tests.DataProviderTest">
        <test-method signature="TestData(java.lang.String)[pri:0, instance:Tests.DataProviderTest@3e11f9e9]" started-at="2022-06-01T22:24:14 IST" name="TestData" data-provider="data" finished-at="2022-06-01T22:24:18 IST" duration-ms="4684" status="PASS">
          <params>
            <param index="0">
              <value>
                <![CDATA[Allstate India]]>
              </value>
            </param>
          </params>
          <reporter-output>
          </reporter-output>
        </test-method> <!-- TestData -->
        <test-method signature="TestData(java.lang.String)[pri:0, instance:Tests.DataProviderTest@3e11f9e9]" started-at="2022-06-01T22:24:18 IST" name="TestData" data-provider="data" finished-at="2022-06-01T22:24:22 IST" duration-ms="3342" status="PASS">
          <params>
            <param index="0">
              <value>
                <![CDATA[Flipkart]]>
              </value>
            </param>
          </params>
          <reporter-output>
          </reporter-output>
        </test-method> <!-- TestData -->
        <test-method signature="TestData(java.lang.String)[pri:0, instance:Tests.DataProviderTest@3e11f9e9]" started-at="2022-06-01T22:24:22 IST" name="TestData" data-provider="data" finished-at="2022-06-01T22:24:37 IST" duration-ms="15528" status="PASS">
          <params>
            <param index="0">
              <value>
                <![CDATA[Facebook]]>
              </value>
            </param>
          </params>
          <reporter-output>
          </reporter-output>
        </test-method> <!-- TestData -->
        <test-method signature="TestData(java.lang.String)[pri:0, instance:Tests.DataProviderTest@3e11f9e9]" started-at="2022-06-01T22:24:37 IST" name="TestData" data-provider="data" finished-at="2022-06-01T22:24:41 IST" duration-ms="3348" status="PASS">
          <params>
            <param index="0">
              <value>
                <![CDATA[Twitter]]>
              </value>
            </param>
          </params>
          <reporter-output>
          </reporter-output>
        </test-method> <!-- TestData -->
        <test-method signature="TestData(java.lang.String)[pri:0, instance:Tests.DataProviderTest@3e11f9e9]" started-at="2022-06-01T22:24:41 IST" name="TestData" data-provider="data" finished-at="2022-06-01T22:24:45 IST" duration-ms="4843" status="PASS">
          <params>
            <param index="0">
              <value>
                <![CDATA[LinkedIn]]>
              </value>
            </param>
          </params>
          <reporter-output>
          </reporter-output>
        </test-method> <!-- TestData -->
      </class> <!-- Tests.DataProviderTest -->
    </test> <!-- Chrome Test -->
  </suite> <!-- TestSuite -->
</testng-results>
