<?xml version="1.0" encoding="UTF-8"?>
<!-- Generated by org.testng.reporters.JUnitXMLReporter -->
<testsuite ignored="5" hostname="DESKTOP-5U485HB" failures="0" tests="7" name="Chrome Test" time="81.99" errors="0" timestamp="2022-06-01T22:24:48 IST">
  <testcase classname="Tests.SearchResultsPageTest" name="verifySearchButtonFunctionality" time="9.643"/>
  <testcase classname="Tests.HomePageTest" name="verifyPageTitle" time="0.023"/>
  <testcase classname="Tests.DataProviderTest" name="TestData" time="4.684"/>
  <testcase classname="Tests.DataProviderTest" name="TestData" time="3.342"/>
  <testcase classname="Tests.DataProviderTest" name="TestData" time="15.528"/>
  <testcase classname="Tests.DataProviderTest" name="TestData" time="3.348"/>
  <testcase classname="Tests.DataProviderTest" name="TestData" time="4.843"/>
  <testcase classname="Tests.SearchResultsPageTest" name="getTotalRows" time="0.0">
    <ignored/>
  </testcase> <!-- getTotalRows -->
  <testcase classname="Tests.BaseTest" name="@AfterTest tearDown" time="0.0">
    <ignored/>
  </testcase> <!-- @AfterTest tearDown -->
  <testcase classname="Tests.BaseTest" name="@AfterTest tearDown" time="0.0">
    <ignored/>
  </testcase> <!-- @AfterTest tearDown -->
  <testcase classname="Tests.BaseTest" name="@BeforeTest setup" time="0.0">
    <ignored/>
  </testcase> <!-- @BeforeTest setup -->
  <testcase classname="Tests.BaseTest" name="@BeforeTest setup" time="0.0">
    <ignored/>
  </testcase> <!-- @BeforeTest setup -->
</testsuite> <!-- Chrome Test -->
