<?xml version="1.0" encoding="UTF-8"?>
<!-- Generated by org.testng.reporters.JUnitXMLReporter -->
<testsuite ignored="5" hostname="DESKTOP-5U485HB" failures="0" tests="7" name="Chrome Test" time="75.714" errors="0" timestamp="2022-07-15T13:52:49 IST">
  <testcase classname="Tests.SearchResultsPageTest" name="verifySearchButtonFunctionality" time="9.397"/>
  <testcase classname="Tests.HomePageTest" name="verifyPageTitle" time="0.014"/>
  <testcase classname="Tests.DataProviderTest" name="TestData" time="6.161"/>
  <testcase classname="Tests.DataProviderTest" name="TestData" time="4.099"/>
  <testcase classname="Tests.DataProviderTest" name="TestData" time="3.123"/>
  <testcase classname="Tests.DataProviderTest" name="TestData" time="4.188"/>
  <testcase classname="Tests.DataProviderTest" name="TestData" time="3.072"/>
  <testcase classname="Tests.SearchResultsPageTest" name="getTotalRows" time="0.0">
    <ignored/>
  </testcase> <!-- getTotalRows -->
  <testcase classname="Tests.BaseTest" name="@AfterTest tearDown" time="0.0">
    <ignored/>
  </testcase> <!-- @AfterTest tearDown -->
  <testcase classname="Tests.BaseTest" name="@AfterTest tearDown" time="0.0">
    <ignored/>
  </testcase> <!-- @AfterTest tearDown -->
  <testcase classname="Tests.BaseTest" name="@BeforeTest setup" time="0.0">
    <ignored/>
  </testcase> <!-- @BeforeTest setup -->
  <testcase classname="Tests.BaseTest" name="@BeforeTest setup" time="0.0">
    <ignored/>
  </testcase> <!-- @BeforeTest setup -->
</testsuite> <!-- Chrome Test -->
